# JRE version: Java(TM) SE Runtime Environment (8.0_131-b11) (build 1.8.0_131-b11)
# Java VM: Java HotSpot(TM) 64-Bit Server VM (25.131-b11 mixed mode windows-amd64 compressed oops)
Heap:
 PSYoungGen      total 28160K, used 12005K [0x00000000e0d80000, 0x00000000e2c80000, 0x0000000100000000)
  eden space 24576K, 34% used [0x00000000e0d80000,0x00000000e15bb440,0x00000000e2580000)
  from space 3584K, 99% used [0x00000000e2900000,0x00000000e2c7e030,0x00000000e2c80000)
  to   space 3584K, 0% used [0x00000000e2580000,0x00000000e2580000,0x00000000e2900000)
 ParOldGen       total 64512K, used 10845K [0x00000000a2800000, 0x00000000a6700000, 0x00000000e0d80000)
  object space 64512K, 16% used [0x00000000a2800000,0x00000000a3297638,0x00000000a6700000)
 Metaspace       used 14126K, capacity 14398K, committed 14720K, reserved 1062912K
  class space    used 1710K, capacity 1807K, committed 1920K, reserved 1048576K
GC Heap History (10 events):
Event: 2.004 GC heap before
{Heap before GC invocations=2 (full 0):
 PSYoungGen      total 28160K, used 28158K [0x00000000e0d80000, 0x00000000e2c80000, 0x0000000100000000)
  eden space 24576K, 100% used [0x00000000e0d80000,0x00000000e2580000,0x00000000e2580000)
  from space 3584K, 99% used [0x00000000e2580000,0x00000000e28ff968,0x00000000e2900000)
  to   space 3584K, 0% used [0x00000000e2900000,0x00000000e2900000,0x00000000e2c80000)
 ParOldGen       total 64512K, used 552K [0x00000000a2800000, 0x00000000a6700000, 0x00000000e0d80000)
  object space 64512K, 0% used [0x00000000a2800000,0x00000000a288a3d0,0x00000000a6700000)
 Metaspace       used 9745K, capacity 9950K, committed 9984K, reserved 1058816K
  class space    used 1192K, capacity 1252K, committed 1280K, reserved 1048576K
Event: 2.014 GC heap after
Heap after GC invocations=2 (full 0):
 PSYoungGen      total 28160K, used 3574K [0x00000000e0d80000, 0x00000000e2c80000, 0x0000000100000000)
  eden space 24576K, 0% used [0x00000000e0d80000,0x00000000e0d80000,0x00000000e2580000)
  from space 3584K, 99% used [0x00000000e2900000,0x00000000e2c7da68,0x00000000e2c80000)
  to   space 3584K, 0% used [0x00000000e2580000,0x00000000e2580000,0x00000000e2900000)
 ParOldGen       total 64512K, used 1686K [0x00000000a2800000, 0x00000000a6700000, 0x00000000e0d80000)
  object space 64512K, 2% used [0x00000000a2800000,0x00000000a29a5a78,0x00000000a6700000)
 Metaspace       used 9745K, capacity 9950K, committed 9984K, reserved 1058816K
  class space    used 1192K, capacity 1252K, committed 1280K, reserved 1048576K
}
Event: 3.023 GC heap before
{Heap before GC invocations=3 (full 0):
 PSYoungGen      total 28160K, used 28150K [0x00000000e0d80000, 0x00000000e2c80000, 0x0000000100000000)
  eden space 24576K, 100% used [0x00000000e0d80000,0x00000000e2580000,0x00000000e2580000)
  from space 3584K, 99% used [0x00000000e2900000,0x00000000e2c7da68,0x00000000e2c80000)
  to   space 3584K, 0% used [0x00000000e2580000,0x00000000e2580000,0x00000000e2900000)
 ParOldGen       total 64512K, used 1686K [0x00000000a2800000, 0x00000000a6700000, 0x00000000e0d80000)
  object space 64512K, 2% used [0x00000000a2800000,0x00000000a29a5a78,0x00000000a6700000)
 Metaspace       used 12830K, capacity 13018K, committed 13312K, reserved 1060864K
  class space    used 1594K, capacity 1673K, committed 1792K, reserved 1048576K
Event: 3.035 GC heap after
Heap after GC invocations=3 (full 0):
 PSYoungGen      total 28160K, used 3582K [0x00000000e0d80000, 0x00000000e2c80000, 0x0000000100000000)
  eden space 24576K, 0% used [0x00000000e0d80000,0x00000000e0d80000,0x00000000e2580000)
  from space 3584K, 99% used [0x00000000e2580000,0x00000000e28ff8a8,0x00000000e2900000)
  to   space 3584K, 0% used [0x00000000e2900000,0x00000000e2900000,0x00000000e2c80000)
 ParOldGen       total 64512K, used 4448K [0x00000000a2800000, 0x00000000a6700000, 0x00000000e0d80000)
  object space 64512K, 6% used [0x00000000a2800000,0x00000000a2c583e0,0x00000000a6700000)
 Metaspace       used 12830K, capacity 13018K, committed 13312K, reserved 1060864K
  class space    used 1594K, capacity 1673K, committed 1792K, reserved 1048576K
}
Event: 3.749 GC heap before
{Heap before GC invocations=4 (full 0):
 PSYoungGen      total 28160K, used 28158K [0x00000000e0d80000, 0x00000000e2c80000, 0x0000000100000000)
  eden space 24576K, 100% used [0x00000000e0d80000,0x00000000e2580000,0x00000000e2580000)
  from space 3584K, 99% used [0x00000000e2580000,0x00000000e28ff8a8,0x00000000e2900000)
  to   space 3584K, 0% used [0x00000000e2900000,0x00000000e2900000,0x00000000e2c80000)
 ParOldGen       total 64512K, used 4448K [0x00000000a2800000, 0x00000000a6700000, 0x00000000e0d80000)
  object space 64512K, 6% used [0x00000000a2800000,0x00000000a2c583e0,0x00000000a6700000)
 Metaspace       used 13794K, capacity 14040K, committed 14336K, reserved 1062912K
  class space    used 1685K, capacity 1774K, committed 1792K, reserved 1048576K
Event: 3.762 GC heap after
Heap after GC invocations=4 (full 0):
 PSYoungGen      total 28160K, used 3560K [0x00000000e0d80000, 0x00000000e2c80000, 0x0000000100000000)
  eden space 24576K, 0% used [0x00000000e0d80000,0x00000000e0d80000,0x00000000e2580000)
  from space 3584K, 99% used [0x00000000e2900000,0x00000000e2c7a040,0x00000000e2c80000)
  to   space 3584K, 0% used [0x00000000e2580000,0x00000000e2580000,0x00000000e2900000)
 ParOldGen       total 64512K, used 6574K [0x00000000a2800000, 0x00000000a6700000, 0x00000000e0d80000)
  object space 64512K, 10% used [0x00000000a2800000,0x00000000a2e6ba38,0x00000000a6700000)
 Metaspace       used 13794K, capacity 14040K, committed 14336K, reserved 1062912K
  class space    used 1685K, capacity 1774K, committed 1792K, reserved 1048576K
}
Event: 4.157 GC heap before
{Heap before GC invocations=5 (full 0):
 PSYoungGen      total 28160K, used 28136K [0x00000000e0d80000, 0x00000000e2c80000, 0x0000000100000000)
  eden space 24576K, 100% used [0x00000000e0d80000,0x00000000e2580000,0x00000000e2580000)
  from space 3584K, 99% used [0x00000000e2900000,0x00000000e2c7a040,0x00000000e2c80000)
  to   space 3584K, 0% used [0x00000000e2580000,0x00000000e2580000,0x00000000e2900000)
 ParOldGen       total 64512K, used 6574K [0x00000000a2800000, 0x00000000a6700000, 0x00000000e0d80000)
  object space 64512K, 10% used [0x00000000a2800000,0x00000000a2e6ba38,0x00000000a6700000)
 Metaspace       used 14048K, capacity 14264K, committed 14464K, reserved 1062912K
  class space    used 1708K, capacity 1806K, committed 1920K, reserved 1048576K
Event: 4.173 GC heap after
Heap after GC invocations=5 (full 0):
 PSYoungGen      total 28160K, used 3560K [0x00000000e0d80000, 0x00000000e2c80000, 0x0000000100000000)
  eden space 24576K, 0% used [0x00000000e0d80000,0x00000000e0d80000,0x00000000e2580000)
  from space 3584K, 99% used [0x00000000e2580000,0x00000000e28fa020,0x00000000e2900000)
  to   space 3584K, 0% used [0x00000000e2900000,0x00000000e2900000,0x00000000e2c80000)
 ParOldGen       total 64512K, used 9235K [0x00000000a2800000, 0x00000000a6700000, 0x00000000e0d80000)
  object space 64512K, 14% used [0x00000000a2800000,0x00000000a3104f88,0x00000000a6700000)
 Metaspace       used 14048K, capacity 14264K, committed 14464K, reserved 1062912K
  class space    used 1708K, capacity 1806K, committed 1920K, reserved 1048576K
}
Event: 4.445 GC heap before
{Heap before GC invocations=6 (full 0):
 PSYoungGen      total 28160K, used 28136K [0x00000000e0d80000, 0x00000000e2c80000, 0x0000000100000000)
  eden space 24576K, 100% used [0x00000000e0d80000,0x00000000e2580000,0x00000000e2580000)
  from space 3584K, 99% used [0x00000000e2580000,0x00000000e28fa020,0x00000000e2900000)
  to   space 3584K, 0% used [0x00000000e2900000,0x00000000e2900000,0x00000000e2c80000)
 ParOldGen       total 64512K, used 9235K [0x00000000a2800000, 0x00000000a6700000, 0x00000000e0d80000)
  object space 64512K, 14% used [0x00000000a2800000,0x00000000a3104f88,0x00000000a6700000)
 Metaspace       used 14101K, capacity 14392K, committed 14720K, reserved 1062912K
  class space    used 1708K, capacity 1806K, committed 1920K, reserved 1048576K
Event: 4.459 GC heap after
Heap after GC invocations=6 (full 0):
 PSYoungGen      total 28160K, used 3576K [0x00000000e0d80000, 0x00000000e2c80000, 0x0000000100000000)
  eden space 24576K, 0% used [0x00000000e0d80000,0x00000000e0d80000,0x00000000e2580000)
  from space 3584K, 99% used [0x00000000e2900000,0x00000000e2c7e030,0x00000000e2c80000)
  to   space 3584K, 0% used [0x00000000e2580000,0x00000000e2580000,0x00000000e2900000)
 ParOldGen       total 64512K, used 10845K [0x00000000a2800000, 0x00000000a6700000, 0x00000000e0d80000)
  object space 64512K, 16% used [0x00000000a2800000,0x00000000a3297638,0x00000000a6700000)
 Metaspace       used 14101K, capacity 14392K, committed 14720K, reserved 1062912K
  class space    used 1708K, capacity 1806K, committed 1920K, reserved 1048576K
}

